
DESKTOP-82P7U4C	Sat Mar 11 12:29:43 2023
	INET/inet_error: read errno = 10054


DESKTOP-82P7U4C	Sat Mar 11 14:48:48 2023
	INET/inet_error: read errno = 10054


DESKTOP-82P7U4C	Sat Mar 11 14:48:48 2023
	INET/inet_error: read errno = 10054, client host = desktop-82p7u4c, address = 127.0.0.1/51482, user = gabriel


DESKTOP-82P7U4C	Sat Mar 11 14:48:48 2023
	INET/inet_error: read errno = 10054, client host = desktop-82p7u4c, address = 127.0.0.1/51150, user = gabriel


DESKTOP-82P7U4C	Sat Mar 11 14:48:48 2023
	INET/inet_error: read errno = 10054, client host = desktop-82p7u4c, address = 127.0.0.1/51209, user = gabriel


DESKTOP-82P7U4C	Sat Mar 11 14:48:48 2023
	INET/inet_error: read errno = 10054, client host = desktop-82p7u4c, address = 127.0.0.1/51219, user = gabriel


DESKTOP-82P7U4C	Sat Mar 11 14:48:48 2023
	INET/inet_error: read errno = 10054, client host = desktop-82p7u4c, address = 127.0.0.1/51130, user = gabriel


DESKTOP-82P7U4C	Sat Mar 11 14:48:48 2023
	Sweep is started by SWEEPER
	Database "D:\OURSOFT\RISE\DB\OURDB.FDB" 
	OIT 29393392, OAT 29424490, OST 29424490, Next 29424490


DESKTOP-82P7U4C	Sat Mar 11 14:48:49 2023
	Sweep is finished
	Database "D:\OURSOFT\RISE\DB\OURDB.FDB" 
	OIT 29424490, OAT 29424492, OST 29424492, Next 29424493


DESKTOP-82P7U4C	Sat Mar 11 15:18:30 2023
	INET/inet_error: read errno = 10054


DESKTOP-82P7U4C	Sat Mar 11 15:18:30 2023
	INET/inet_error: read errno = 10054, client host = desktop-82p7u4c, address = 127.0.0.1/55373, user = gabriel


DESKTOP-82P7U4C	Sat Mar 11 15:18:30 2023
	INET/inet_error: read errno = 10054, client host = desktop-82p7u4c, address = 127.0.0.1/51093, user = gabriel


DESKTOP-82P7U4C	Sat Mar 11 15:18:49 2023
	INET/inet_error: read errno = 10054


DESKTOP-82P7U4C	Sat Mar 11 15:18:49 2023
	INET/inet_error: read errno = 10054, client host = desktop-82p7u4c, address = 127.0.0.1/55435, user = gabriel


DESKTOP-82P7U4C	Sat Mar 11 15:18:49 2023
	INET/inet_error: read errno = 10054, client host = desktop-82p7u4c, address = 127.0.0.1/55440, user = gabriel


DESKTOP-82P7U4C	Sat Mar 11 15:18:54 2023
	INET/inet_error: read errno = 10054


DESKTOP-82P7U4C	Sat Mar 11 15:18:54 2023
	INET/inet_error: read errno = 10054, client host = desktop-82p7u4c, address = 127.0.0.1/55472, user = gabriel


DESKTOP-82P7U4C	Sat Mar 11 15:18:54 2023
	INET/inet_error: read errno = 10054, client host = desktop-82p7u4c, address = 127.0.0.1/55468, user = gabriel


DESKTOP-82P7U4C	Sat Mar 11 15:18:59 2023
	INET/inet_error: read errno = 10054


DESKTOP-82P7U4C	Sat Mar 11 15:18:59 2023
	INET/inet_error: read errno = 10054, client host = desktop-82p7u4c, address = 127.0.0.1/55500, user = gabriel


DESKTOP-82P7U4C	Sat Mar 11 15:18:59 2023
	INET/inet_error: read errno = 10054, client host = desktop-82p7u4c, address = 127.0.0.1/55506, user = gabriel


DESKTOP-82P7U4C	Sat Mar 11 15:19:04 2023
	INET/inet_error: read errno = 10054


DESKTOP-82P7U4C	Sat Mar 11 15:19:04 2023
	INET/inet_error: read errno = 10054, client host = desktop-82p7u4c, address = 127.0.0.1/55535, user = gabriel


DESKTOP-82P7U4C	Sat Mar 11 15:19:08 2023
	INET/inet_error: read errno = 10054


DESKTOP-82P7U4C	Sat Mar 11 15:19:08 2023
	INET/inet_error: read errno = 10054, client host = desktop-82p7u4c, address = 127.0.0.1/55570, user = gabriel


DESKTOP-82P7U4C	Sat Mar 11 15:19:13 2023
	INET/inet_error: read errno = 10054


DESKTOP-82P7U4C	Sat Mar 11 15:19:13 2023
	INET/inet_error: read errno = 10054, client host = desktop-82p7u4c, address = 127.0.0.1/55604, user = gabriel


DESKTOP-82P7U4C	Sat Mar 11 15:19:13 2023
	INET/inet_error: read errno = 10054, client host = desktop-82p7u4c, address = 127.0.0.1/55610, user = gabriel


DESKTOP-82P7U4C	Sat Mar 11 15:19:17 2023
	INET/inet_error: read errno = 10054


DESKTOP-82P7U4C	Sat Mar 11 15:19:17 2023
	INET/inet_error: read errno = 10054, client host = desktop-82p7u4c, address = 127.0.0.1/55645, user = gabriel


DESKTOP-82P7U4C	Sat Mar 11 15:19:17 2023
	INET/inet_error: read errno = 10054, client host = desktop-82p7u4c, address = 127.0.0.1/55639, user = gabriel


DESKTOP-82P7U4C	Sat Mar 11 15:19:23 2023
	INET/inet_error: read errno = 10054


DESKTOP-82P7U4C	Sat Mar 11 15:19:23 2023
	INET/inet_error: read errno = 10054, client host = desktop-82p7u4c, address = 127.0.0.1/55673, user = gabriel


DESKTOP-82P7U4C	Sat Mar 11 15:19:23 2023
	INET/inet_error: read errno = 10054, client host = desktop-82p7u4c, address = 127.0.0.1/55685, user = gabriel


DESKTOP-82P7U4C	Sat Mar 11 15:19:27 2023
	INET/inet_error: read errno = 10054


DESKTOP-82P7U4C	Sat Mar 11 15:19:27 2023
	INET/inet_error: read errno = 10054, client host = desktop-82p7u4c, address = 127.0.0.1/55714, user = gabriel


DESKTOP-82P7U4C	Sat Mar 11 15:19:33 2023
	INET/inet_error: read errno = 10054


DESKTOP-82P7U4C	Sat Mar 11 15:19:33 2023
	INET/inet_error: read errno = 10054, client host = desktop-82p7u4c, address = 127.0.0.1/55746, user = gabriel


DESKTOP-82P7U4C	Sat Mar 11 15:20:09 2023
	INET/inet_error: read errno = 10054


DESKTOP-82P7U4C	Sat Mar 11 15:20:09 2023
	INET/inet_error: read errno = 10054, client host = desktop-82p7u4c, address = 127.0.0.1/55781, user = gabriel


DESKTOP-82P7U4C	Sat Mar 11 16:21:27 2023
	INET/inet_error: read errno = 10054


DESKTOP-82P7U4C	Sat Mar 11 16:21:27 2023
	INET/inet_error: read errno = 10054, client host = desktop-82p7u4c, address = 127.0.0.1/55700, user = gabriel


DESKTOP-82P7U4C	Sat Mar 11 16:21:27 2023
	INET/inet_error: read errno = 10054, client host = desktop-82p7u4c, address = 127.0.0.1/55625, user = gabriel


DESKTOP-82P7U4C	Sat Mar 11 16:21:27 2023
	INET/inet_error: read errno = 10054, client host = desktop-82p7u4c, address = 127.0.0.1/56495, user = gabriel


DESKTOP-82P7U4C	Sat Mar 11 16:21:27 2023
	INET/inet_error: read errno = 10054, client host = desktop-82p7u4c, address = 127.0.0.1/55537, user = gabriel


DESKTOP-82P7U4C	Sat Mar 11 16:21:27 2023
	INET/inet_error: read errno = 10054, client host = desktop-82p7u4c, address = 127.0.0.1/55515, user = gabriel


DESKTOP-82P7U4C	Sat Mar 11 16:22:24 2023
	INET/inet_error: read errno = 10054


DESKTOP-82P7U4C	Sat Mar 11 16:22:24 2023
	INET/inet_error: read errno = 10054, client host = desktop-82p7u4c, address = 127.0.0.1/55840, user = gabriel


DESKTOP-82P7U4C	Sat Mar 11 16:36:30 2023
	INET/inet_error: read errno = 10054


DESKTOP-82P7U4C	Sat Mar 11 16:36:30 2023
	INET/inet_error: read errno = 10054, client host = desktop-82p7u4c, address = 127.0.0.1/57774, user = gabriel


DESKTOP-82P7U4C	Sat Mar 11 16:36:48 2023
	INET/inet_error: read errno = 10054


DESKTOP-82P7U4C	Sat Mar 11 16:36:48 2023
	INET/inet_error: read errno = 10054, client host = desktop-82p7u4c, address = 127.0.0.1/57989, user = gabriel


DESKTOP-82P7U4C	Sat Mar 11 16:36:54 2023
	INET/inet_error: read errno = 10054


DESKTOP-82P7U4C	Sat Mar 11 16:36:54 2023
	INET/inet_error: read errno = 10054, client host = desktop-82p7u4c, address = 127.0.0.1/58033, user = gabriel


DESKTOP-82P7U4C	Sat Mar 11 16:36:54 2023
	INET/inet_error: read errno = 10054, client host = desktop-82p7u4c, address = 127.0.0.1/58027, user = gabriel


DESKTOP-82P7U4C	Sat Mar 11 16:36:57 2023
	INET/inet_error: read errno = 10054


DESKTOP-82P7U4C	Sat Mar 11 16:36:57 2023
	INET/inet_error: read errno = 10054, client host = desktop-82p7u4c, address = 127.0.0.1/58067, user = gabriel


DESKTOP-82P7U4C	Sat Mar 11 16:36:57 2023
	INET/inet_error: read errno = 10054, client host = desktop-82p7u4c, address = 127.0.0.1/58061, user = gabriel


DESKTOP-82P7U4C	Sat Mar 11 16:37:01 2023
	INET/inet_error: read errno = 10054


DESKTOP-82P7U4C	Sat Mar 11 16:37:01 2023
	INET/inet_error: read errno = 10054, client host = desktop-82p7u4c, address = 127.0.0.1/58095, user = gabriel


DESKTOP-82P7U4C	Sat Mar 11 16:37:01 2023
	INET/inet_error: read errno = 10054, client host = desktop-82p7u4c, address = 127.0.0.1/58101, user = gabriel


DESKTOP-82P7U4C	Sat Mar 11 16:37:04 2023
	INET/inet_error: read errno = 10054


DESKTOP-82P7U4C	Sat Mar 11 16:37:04 2023
	INET/inet_error: read errno = 10054, client host = desktop-82p7u4c, address = 127.0.0.1/58131, user = gabriel


DESKTOP-82P7U4C	Sat Mar 11 16:37:08 2023
	INET/inet_error: read errno = 10054


DESKTOP-82P7U4C	Sat Mar 11 16:37:08 2023
	INET/inet_error: read errno = 10054, client host = desktop-82p7u4c, address = 127.0.0.1/58165, user = gabriel


DESKTOP-82P7U4C	Sat Mar 11 16:37:08 2023
	INET/inet_error: read errno = 10054, client host = desktop-82p7u4c, address = 127.0.0.1/58171, user = gabriel


DESKTOP-82P7U4C	Sat Mar 11 16:37:12 2023
	INET/inet_error: read errno = 10054


DESKTOP-82P7U4C	Sat Mar 11 16:37:12 2023
	INET/inet_error: read errno = 10054, client host = desktop-82p7u4c, address = 127.0.0.1/58199, user = gabriel


DESKTOP-82P7U4C	Sat Mar 11 16:37:15 2023
	INET/inet_error: read errno = 10054


DESKTOP-82P7U4C	Sat Mar 11 16:37:15 2023
	INET/inet_error: read errno = 10054, client host = desktop-82p7u4c, address = 127.0.0.1/58232, user = gabriel


DESKTOP-82P7U4C	Sat Mar 11 16:37:15 2023
	INET/inet_error: read errno = 10054, client host = desktop-82p7u4c, address = 127.0.0.1/58238, user = gabriel


DESKTOP-82P7U4C	Sat Mar 11 16:37:19 2023
	INET/inet_error: read errno = 10054


DESKTOP-82P7U4C	Sat Mar 11 16:37:19 2023
	INET/inet_error: read errno = 10054, client host = desktop-82p7u4c, address = 127.0.0.1/58273, user = gabriel


DESKTOP-82P7U4C	Sat Mar 11 16:37:19 2023
	INET/inet_error: read errno = 10054, client host = desktop-82p7u4c, address = 127.0.0.1/58266, user = gabriel


DESKTOP-82P7U4C	Sat Mar 11 16:37:22 2023
	INET/inet_error: read errno = 10054


DESKTOP-82P7U4C	Sat Mar 11 16:37:22 2023
	INET/inet_error: read errno = 10054, client host = desktop-82p7u4c, address = 127.0.0.1/58301, user = gabriel


DESKTOP-82P7U4C	Sat Mar 11 16:39:08 2023
	INET/inet_error: read errno = 10054


DESKTOP-82P7U4C	Sat Mar 11 16:39:08 2023
	INET/inet_error: read errno = 10054, client host = desktop-82p7u4c, address = 127.0.0.1/58333, user = gabriel


DESKTOP-82P7U4C	Sat Mar 11 16:39:16 2023
	INET/inet_error: read errno = 10054


DESKTOP-82P7U4C	Sat Mar 11 16:39:16 2023
	INET/inet_error: read errno = 10054, client host = desktop-82p7u4c, address = 127.0.0.1/58459, user = gabriel


DESKTOP-82P7U4C	Sat Mar 11 16:39:32 2023
	INET/inet_error: read errno = 10054


DESKTOP-82P7U4C	Sat Mar 11 16:39:32 2023
	INET/inet_error: read errno = 10054, client host = desktop-82p7u4c, address = 127.0.0.1/58401, user = gabriel


DESKTOP-82P7U4C	Sat Mar 11 16:39:32 2023
	INET/inet_error: read errno = 10054, client host = desktop-82p7u4c, address = 127.0.0.1/58386, user = gabriel


DESKTOP-82P7U4C	Sat Mar 11 16:39:32 2023
	INET/inet_error: read errno = 10054, client host = desktop-82p7u4c, address = 127.0.0.1/58271, user = gabriel


DESKTOP-82P7U4C	Sat Mar 11 16:39:32 2023
	INET/inet_error: read errno = 10054, client host = desktop-82p7u4c, address = 127.0.0.1/57944, user = gabriel


DESKTOP-82P7U4C	Sat Mar 11 16:39:32 2023
	INET/inet_error: read errno = 10054


DESKTOP-82P7U4C	Sat Mar 11 16:39:32 2023
	INET/inet_error: read errno = 10054, client host = desktop-82p7u4c, address = 127.0.0.1/57945, user = gabriel


DESKTOP-82P7U4C	Sat Mar 11 16:39:32 2023
	INET/inet_error: read errno = 10054, client host = desktop-82p7u4c, address = 127.0.0.1/57941, user = gabriel


DESKTOP-82P7U4C	Sat Mar 11 16:39:32 2023
	INET/inet_error: read errno = 10054, client host = desktop-82p7u4c, address = 127.0.0.1/57940, user = gabriel


DESKTOP-82P7U4C	Sat Mar 11 16:39:32 2023
	INET/inet_error: read errno = 10054


DESKTOP-82P7U4C	Sat Mar 11 16:39:32 2023
	INET/inet_error: read errno = 10054


DESKTOP-82P7U4C	Sat Mar 11 16:39:32 2023
	INET/inet_error: read errno = 10054


DESKTOP-82P7U4C	Sat Mar 11 16:39:32 2023
	INET/inet_error: read errno = 10054, client host = desktop-82p7u4c, address = 127.0.0.1/58370, user = gabriel


DESKTOP-82P7U4C	Sat Mar 11 16:46:08 2023
	INET/inet_error: read errno = 10054, client host = desktop-82p7u4c, address = 127.0.0.1/58698, user = gabriel


DESKTOP-82P7U4C	Sat Mar 11 16:46:08 2023
	INET/inet_error: read errno = 10054, client host = desktop-82p7u4c, address = 127.0.0.1/58684, user = gabriel


DESKTOP-82P7U4C	Sat Mar 11 16:46:08 2023
	INET/inet_error: read errno = 10054


DESKTOP-82P7U4C	Sat Mar 11 18:00:22 2023
	Sweep is started by SWEEPER
	Database "D:\OURSOFT\RISE\DB\OURDB-REGENCE.FDB" 
	OIT 42705603, OAT 42725603, OST 42725603, Next 42725603


DESKTOP-82P7U4C	Sat Mar 11 18:00:22 2023
	Sweep is finished
	Database "D:\OURSOFT\RISE\DB\OURDB-REGENCE.FDB" 
	OIT 42725603, OAT 42725603, OST 42725603, Next 42725604


DESKTOP-82P7U4C	Sun Mar 12 06:31:24 2023
	INET/inet_error: read errno = 10054


DESKTOP-82P7U4C	Sun Mar 12 06:31:24 2023
	INET/inet_error: read errno = 10054, client host = desktop-82p7u4c, address = 127.0.0.1/58488, user = gabriel


DESKTOP-82P7U4C	Sun Mar 12 06:31:24 2023
	INET/inet_error: read errno = 10054


DESKTOP-82P7U4C	Mon Mar 13 23:22:50 2023
	INET/inet_error: read errno = 10054, client host = desktop-82p7u4c, address = 127.0.0.1/50848, user = gabriel


DESKTOP-82P7U4C	Mon Mar 13 23:22:50 2023
	INET/inet_error: read errno = 10054, client host = desktop-82p7u4c, address = 127.0.0.1/50847, user = gabriel


DESKTOP-82P7U4C	Mon Mar 13 23:22:50 2023
	INET/inet_error: read errno = 10054


DESKTOP-82P7U4C	Mon Mar 13 23:22:50 2023
	INET/inet_error: read errno = 10054


DESKTOP-82P7U4C	Mon Mar 13 23:22:50 2023
	INET/inet_error: read errno = 10054


DESKTOP-82P7U4C	Mon Mar 13 23:23:04 2023
	INET/inet_error: read errno = 10054


DESKTOP-82P7U4C	Mon Mar 13 23:23:04 2023
	INET/inet_error: read errno = 10054, client host = desktop-82p7u4c, address = 127.0.0.1/50844, user = gabriel


DESKTOP-82P7U4C	Mon Mar 13 23:29:28 2023
	INET/inet_error: read errno = 10054


DESKTOP-82P7U4C	Mon Mar 13 23:29:28 2023
	INET/inet_error: read errno = 10054, client host = desktop-82p7u4c, address = 127.0.0.1/50921, user = gabriel


DESKTOP-82P7U4C	Tue Mar 14 01:08:19 2023
	Sweep is started by SWEEPER
	Database "D:\MIGRA\OURDB.FDB" 
	OIT 3196604, OAT 3216604, OST 3216604, Next 3216604


DESKTOP-82P7U4C	Tue Mar 14 01:08:32 2023
	Sweep is finished
	Database "D:\MIGRA\OURDB.FDB" 
	OIT 3216604, OAT 3216643, OST 3216643, Next 3216644


DESKTOP-82P7U4C	Tue Mar 14 12:01:04 2023
	INET/inet_error: read errno = 10054


DESKTOP-82P7U4C	Tue Mar 14 12:01:04 2023
	INET/inet_error: read errno = 10054, client host = desktop-82p7u4c, address = 127.0.0.1/50929, user = gabriel


DESKTOP-82P7U4C	Tue Mar 14 21:37:32 2023
	INET/inet_error: read errno = 10054


DESKTOP-82P7U4C	Tue Mar 14 21:37:32 2023
	INET/inet_error: read errno = 10054, client host = desktop-82p7u4c, address = 127.0.0.1/58447, user = gabriel


DESKTOP-82P7U4C	Tue Mar 14 21:37:39 2023
	INET/inet_error: read errno = 10054


DESKTOP-82P7U4C	Tue Mar 14 21:37:39 2023
	INET/inet_error: read errno = 10054, client host = desktop-82p7u4c, address = 127.0.0.1/58445, user = gabriel


DESKTOP-82P7U4C	Wed Mar 15 18:04:38 2023
	INET/inet_error: read errno = 10054


DESKTOP-82P7U4C	Wed Mar 15 18:04:38 2023
	INET/inet_error: read errno = 10054, client host = desktop-82p7u4c, address = 127.0.0.1/61421, user = gabriel


DESKTOP-82P7U4C	Wed Mar 15 19:47:01 2023
	Sweep is started by SWEEPER
	Database "D:\MIGRA\OURDB.FDB" 
	OIT 3605810, OAT 3625810, OST 3625810, Next 3625810


DESKTOP-82P7U4C	Wed Mar 15 19:47:05 2023
	Sweep is finished
	Database "D:\MIGRA\OURDB.FDB" 
	OIT 3625810, OAT 3625822, OST 3625822, Next 3625823


DESKTOP-82P7U4C	Wed Mar 15 20:05:05 2023
	INET/inet_error: read errno = 10054


DESKTOP-82P7U4C	Wed Mar 15 20:05:05 2023
	INET/inet_error: read errno = 10054, client host = desktop-82p7u4c, address = 127.0.0.1/61436, user = gabriel


DESKTOP-82P7U4C	Mon Mar 20 20:02:41 2023
	INET/inet_error: read errno = 10054


DESKTOP-82P7U4C	Mon Mar 20 20:02:41 2023
	INET/inet_error: read errno = 10054, client host = desktop-82p7u4c, address = 127.0.0.1/63779, user = gabriel


DESKTOP-82P7U4C	Mon Mar 20 21:45:29 2023
	Sweep is started by SWEEPER
	Database "D:\MIGRA\OURDB.FDB" 
	OIT 4917278, OAT 4937278, OST 4937278, Next 4937278


DESKTOP-82P7U4C	Mon Mar 20 21:45:41 2023
	Sweep is finished
	Database "D:\MIGRA\OURDB.FDB" 
	OIT 4937278, OAT 4937317, OST 4937317, Next 4937318


DESKTOP-82P7U4C	Tue Mar 21 14:05:13 2023
	INET/inet_error: read errno = 10054


DESKTOP-82P7U4C	Tue Mar 21 14:05:13 2023
	INET/inet_error: read errno = 10054, client host = desktop-82p7u4c, address = 127.0.0.1/63775, user = gabriel


DESKTOP-82P7U4C	Wed Mar 29 21:08:53 2023
	INET/inet_error: read errno = 10054, client host = desktop-82p7u4c, address = 127.0.0.1/55552, user = gabriel


DESKTOP-82P7U4C	Wed Mar 29 21:08:53 2023
	INET/inet_error: read errno = 10054


DESKTOP-82P7U4C	Wed Mar 29 21:13:34 2023
	INET/inet_error: read errno = 10054


DESKTOP-82P7U4C	Wed Mar 29 21:13:34 2023
	INET/inet_error: read errno = 10054, client host = desktop-82p7u4c, address = 127.0.0.1/55534, user = gabriel


DESKTOP-82P7U4C	Sun Apr 02 14:19:31 2023
	Sweep is started by SWEEPER
	Database "D:\ONEDRIVE\OURSOFT\CLIENTS\SP\MIRANDA\OURDB.FDB" 
	OIT 2038295, OAT 2058296, OST 2058296, Next 2058296


DESKTOP-82P7U4C	Sun Apr 02 14:19:31 2023
	Sweep is finished
	Database "D:\ONEDRIVE\OURSOFT\CLIENTS\SP\MIRANDA\OURDB.FDB" 
	OIT 2058296, OAT 2058296, OST 2058296, Next 2058297


DESKTOP-82P7U4C	Sun Apr 02 14:29:55 2023
	INET/inet_error: read errno = 10054


DESKTOP-82P7U4C	Sun Apr 02 14:29:55 2023
	INET/inet_error: read errno = 10054, client host = desktop-82p7u4c, address = 127.0.0.1/51053, user = gabriel


DESKTOP-82P7U4C	Sat Apr 08 10:27:09 2023
	Sweep is started by SWEEPER
	Database "D:\MIGRA\OURDB.FDB" 
	OIT 7858786, OAT 9738635, OST 9738635, Next 9738635


DESKTOP-82P7U4C	Sat Apr 08 10:27:40 2023
	Sweep is finished
	Database "D:\MIGRA\OURDB.FDB" 
	OIT 9738635, OAT 9738821, OST 9738821, Next 9738822


DESKTOP-82P7U4C	Sat Apr 08 10:31:07 2023
	INET/inet_error: read errno = 10054


DESKTOP-82P7U4C	Sat Apr 08 10:31:07 2023
	INET/inet_error: read errno = 10054


DESKTOP-82P7U4C	Sat Apr 08 10:31:07 2023
	INET/inet_error: read errno = 10054


DESKTOP-82P7U4C	Sat Apr 08 10:31:07 2023
	INET/inet_error: read errno = 10054, client host = desktop-82p7u4c, address = 127.0.0.1/55110, user = gabriel


DESKTOP-82P7U4C	Sat Apr 08 11:36:01 2023
	Shutting down the server with 2 active connection(s) to 2 database(s), 0 active service(s)


DESKTOP-82P7U4C	Sat Apr 08 16:47:38 2023
	Shutting down the server with 1 active connection(s) to 1 database(s), 0 active service(s)


DESKTOP-82P7U4C	Sun Apr 09 02:57:06 2023
	INET/inet_error: read errno = 10054


DESKTOP-82P7U4C	Sun Apr 09 02:57:06 2023
	INET/inet_error: read errno = 10054, client host = desktop-82p7u4c, address = 127.0.0.1/58575, user = gabriel


DESKTOP-82P7U4C	Sun Apr 09 11:29:19 2023
	INET/inet_error: read errno = 10054, client host = desktop-82p7u4c, address = 127.0.0.1/56942, user = gabriel


DESKTOP-82P7U4C	Mon Apr 24 17:42:59 2023
	INET/inet_error: read errno = 10054


DESKTOP-82P7U4C	Mon Apr 24 17:45:38 2023
	INET/inet_error: read errno = 10054


DESKTOP-82P7U4C	Mon Apr 24 17:45:38 2023
	INET/inet_error: read errno = 10054, client host = desktop-82p7u4c, address = 127.0.0.1/52295, user = gabriel


DESKTOP-82P7U4C	Tue Apr 25 19:18:30 2023
	INET/inet_error: read errno = 10054


DESKTOP-82P7U4C	Tue Apr 25 19:18:30 2023
	INET/inet_error: read errno = 10054, client host = desktop-82p7u4c, address = 127.0.0.1/52413, user = gabriel


DESKTOP-82P7U4C	Tue Apr 25 19:18:30 2023
	INET/inet_error: read errno = 10054


DESKTOP-82P7U4C	Tue Apr 25 19:18:30 2023
	INET/inet_error: read errno = 10054, client host = desktop-82p7u4c, address = 127.0.0.1/52418, user = gabriel


DESKTOP-82P7U4C	Tue Apr 25 21:51:54 2023
	INET/inet_error: read errno = 10054


DESKTOP-82P7U4C	Tue Apr 25 21:51:54 2023
	INET/inet_error: read errno = 10054, client host = desktop-82p7u4c, address = 127.0.0.1/51880, user = gabriel


DESKTOP-82P7U4C	Tue Apr 25 22:52:26 2023
	INET/inet_error: read errno = 10054


DESKTOP-82P7U4C	Tue Apr 25 22:52:26 2023
	INET/inet_error: read errno = 10054, client host = desktop-82p7u4c, address = 127.0.0.1/53351, user = gabriel


DESKTOP-82P7U4C	Thu Apr 27 19:21:27 2023
	INET/inet_error: read errno = 10054


DESKTOP-82P7U4C	Thu Apr 27 19:21:27 2023
	INET/inet_error: read errno = 10054, client host = desktop-82p7u4c, address = 127.0.0.1/54664, user = gabriel


DESKTOP-82P7U4C	Thu May 04 20:52:08 2023
	INET/inet_error: read errno = 10054


DESKTOP-82P7U4C	Thu May 04 20:52:08 2023
	INET/inet_error: read errno = 10054


DESKTOP-82P7U4C	Thu May 04 20:52:08 2023
	INET/inet_error: read errno = 10054


DESKTOP-82P7U4C	Thu May 04 20:52:08 2023
	INET/inet_error: read errno = 10054


DESKTOP-82P7U4C	Thu May 04 21:01:50 2023
	INET/inet_error: read errno = 10054


DESKTOP-82P7U4C	Thu May 04 21:01:50 2023
	INET/inet_error: read errno = 10054


DESKTOP-82P7U4C	Thu May 04 21:01:50 2023
	INET/inet_error: read errno = 10054


DESKTOP-82P7U4C	Thu May 04 21:01:50 2023
	INET/inet_error: read errno = 10054, client host = desktop-82p7u4c, address = 127.0.0.1/55137, user = gabriel


DESKTOP-82P7U4C	Thu May 04 21:28:31 2023
	INET/inet_error: read errno = 10054, client host = desktop-82p7u4c, address = 127.0.0.1/55257, user = gabriel


DESKTOP-82P7U4C	Sat May 06 08:21:37 2023
	INET/inet_error: read errno = 10054


DESKTOP-82P7U4C	Sat May 06 08:21:37 2023
	INET/inet_error: read errno = 10054, client host = desktop-82p7u4c, address = 127.0.0.1/51239, user = gabriel


DESKTOP-82P7U4C	Sat May 06 08:21:39 2023
	INET/inet_error: read errno = 10054, client host = desktop-82p7u4c, address = 127.0.0.1/51242, user = gabriel


DESKTOP-82P7U4C	Sat May 06 08:21:39 2023
	INET/inet_error: read errno = 10054


DESKTOP-82P7U4C	Sat May 06 08:21:39 2023
	INET/inet_error: read errno = 10054, client host = desktop-82p7u4c, address = 127.0.0.1/51244, user = gabriel


DESKTOP-82P7U4C	Sat May 06 08:21:39 2023
	INET/inet_error: read errno = 10054, client host = desktop-82p7u4c, address = 127.0.0.1/51220, user = gabriel


DESKTOP-82P7U4C	Sat May 06 08:21:39 2023
	INET/inet_error: read errno = 10054, client host = desktop-82p7u4c, address = 127.0.0.1/51243, user = gabriel


DESKTOP-82P7U4C	Sat May 06 09:25:28 2023
	INET/inet_error: read errno = 10054


DESKTOP-82P7U4C	Sat May 06 09:25:28 2023
	INET/inet_error: read errno = 10054, client host = desktop-82p7u4c, address = 127.0.0.1/51317, user = gabriel


DESKTOP-82P7U4C	Sat May 06 09:25:28 2023
	INET/inet_error: read errno = 10054


DESKTOP-82P7U4C	Sat May 06 09:25:28 2023
	INET/inet_error: read errno = 10054, client host = desktop-82p7u4c, address = 127.0.0.1/51319, user = gabriel


DESKTOP-82P7U4C	Sat May 06 09:25:28 2023
	INET/inet_error: read errno = 10054, client host = desktop-82p7u4c, address = 127.0.0.1/51326, user = gabriel


DESKTOP-82P7U4C	Sat May 06 09:25:28 2023
	INET/inet_error: read errno = 10054, client host = desktop-82p7u4c, address = 127.0.0.1/51320, user = gabriel


DESKTOP-82P7U4C	Sat May 06 10:21:47 2023
	INET/inet_error: read errno = 10054


DESKTOP-82P7U4C	Sat May 06 10:21:47 2023
	INET/inet_error: read errno = 10054, client host = desktop-82p7u4c, address = 127.0.0.1/50084, user = gabriel


DESKTOP-82P7U4C	Sat May 06 10:21:47 2023
	INET/inet_error: read errno = 10054, client host = desktop-82p7u4c, address = 127.0.0.1/50074, user = gabriel


DESKTOP-82P7U4C	Sat May 06 10:21:47 2023
	INET/inet_error: read errno = 10054, client host = desktop-82p7u4c, address = 127.0.0.1/50051, user = gabriel


DESKTOP-82P7U4C	Sat May 06 10:21:47 2023
	INET/inet_error: read errno = 10054, client host = desktop-82p7u4c, address = 127.0.0.1/49967, user = gabriel


DESKTOP-82P7U4C	Sat May 06 10:21:47 2023
	INET/inet_error: read errno = 10054, client host = desktop-82p7u4c, address = 127.0.0.1/49913, user = gabriel


DESKTOP-82P7U4C	Sat May 06 11:00:57 2023
	INET/inet_error: read errno = 10054


DESKTOP-82P7U4C	Sat May 06 11:00:57 2023
	INET/inet_error: read errno = 10054, client host = desktop-82p7u4c, address = 127.0.0.1/49909, user = gabriel


DESKTOP-82P7U4C	Sat May 06 11:00:57 2023
	INET/inet_error: read errno = 10054


DESKTOP-82P7U4C	Sat May 06 11:00:57 2023
	INET/inet_error: read errno = 10054, client host = desktop-82p7u4c, address = 127.0.0.1/50126, user = gabriel


DESKTOP-82P7U4C	Sat May 06 11:00:57 2023
	INET/inet_error: read errno = 10054, client host = desktop-82p7u4c, address = 127.0.0.1/50129, user = gabriel


DESKTOP-82P7U4C	Sat May 06 11:00:57 2023
	INET/inet_error: read errno = 10054, client host = desktop-82p7u4c, address = 127.0.0.1/50125, user = gabriel


DESKTOP-82P7U4C	Sat May 06 11:00:57 2023
	INET/inet_error: read errno = 10054, client host = desktop-82p7u4c, address = 127.0.0.1/50281, user = gabriel


DESKTOP-82P7U4C	Sat May 06 11:00:57 2023
	INET/inet_error: read errno = 10054, client host = desktop-82p7u4c, address = 127.0.0.1/50267, user = gabriel


DESKTOP-82P7U4C	Sat May 06 11:00:57 2023
	INET/inet_error: read errno = 10054, client host = desktop-82p7u4c, address = 127.0.0.1/50378, user = gabriel


DESKTOP-82P7U4C	Sat May 06 11:00:57 2023
	INET/inet_error: read errno = 10054, client host = desktop-82p7u4c, address = 127.0.0.1/50500, user = gabriel


DESKTOP-82P7U4C	Sun May 21 19:58:13 2023
	XNET error: XNET server initialization failed. Probably another instance of server is already running.
	operating system directive CreateMutex failed
	Não é possível criar um arquivo já existente. 


DESKTOP-82P7U4C	Sun May 21 20:30:30 2023
	XNET error: XNET server initialization failed. Probably another instance of server is already running.
	operating system directive CreateMutex failed
	Não é possível criar um arquivo já existente. 

